<?xml version="1.0" encoding="UTF-8"?>
<robot generator="Robot 7.0 (Python 3.12.1 on win32)" generated="2024-01-29T10:41:17.127262" rpa="false" schemaversion="5">
<suite id="s1" name="Quiz 65022746 01" source="C:\Users\User\Documents\GitHub\Quiz_65022746_01">
<suite id="s1-s1" name="Test" source="C:\Users\User\Documents\GitHub\Quiz_65022746_01\test.robot">
<test id="s1-s1-t1" name="Logout User Test" line="10">
<kw name="Open Browser" owner="SeleniumLibrary">
<msg time="2024-01-29T10:41:17.231877" level="INFO">Opening browser 'chrome' to base url 'https://automationexercise.com/login'.</msg>
<arg>${LOGIN_URL}</arg>
<arg>${BROWSER}</arg>
<doc>Opens a new browser instance to the optional ``url``.</doc>
<status status="PASS" start="2024-01-29T10:41:17.230881" elapsed="5.514195"/>
</kw>
<kw name="Input Text" owner="SeleniumLibrary">
<msg time="2024-01-29T10:41:22.746073" level="INFO">Typing text 'demo_user' into text field 'id=ratapong'.</msg>
<msg time="2024-01-29T10:41:22.862124" level="INFO" html="true">&lt;/td&gt;&lt;/tr&gt;&lt;tr&gt;&lt;td colspan="3"&gt;&lt;a href="selenium-screenshot-1.png"&gt;&lt;img src="selenium-screenshot-1.png" width="800px"&gt;&lt;/a&gt;</msg>
<msg time="2024-01-29T10:41:22.862124" level="FAIL">Element with locator 'id=ratapong' not found.</msg>
<arg>id=ratapong</arg>
<arg>${USERNAME}</arg>
<doc>Types the given ``text`` into the text field identified by ``locator``.</doc>
<status status="FAIL" start="2024-01-29T10:41:22.746073" elapsed="0.134994">Element with locator 'id=ratapong' not found.</status>
</kw>
<kw name="Input Text" owner="SeleniumLibrary">
<arg>id=Ptqmz657</arg>
<arg>${PASSWORD}</arg>
<doc>Types the given ``text`` into the text field identified by ``locator``.</doc>
<status status="NOT RUN" start="2024-01-29T10:41:22.881067" elapsed="0.000000"/>
</kw>
<kw name="Click Button" owner="SeleniumLibrary">
<arg>id=loginButton</arg>
<doc>Clicks the button identified by ``locator``.</doc>
<status status="NOT RUN" start="2024-01-29T10:41:22.882076" elapsed="0.000000"/>
</kw>
<kw name="Page Should Contain" owner="SeleniumLibrary">
<arg>Welcome, ${USERNAME}</arg>
<doc>Verifies that current page contains ``text``.</doc>
<status status="NOT RUN" start="2024-01-29T10:41:22.882076" elapsed="0.000000"/>
</kw>
<kw name="Click Link" owner="SeleniumLibrary">
<arg>Logout</arg>
<doc>Clicks a link identified by ``locator``.</doc>
<status status="NOT RUN" start="2024-01-29T10:41:22.882076" elapsed="0.000000"/>
</kw>
<kw name="Page Should Contain" owner="SeleniumLibrary">
<arg>Login</arg>
<doc>Verifies that current page contains ``text``.</doc>
<status status="NOT RUN" start="2024-01-29T10:41:22.882076" elapsed="0.000000"/>
</kw>
<kw name="Close Browser" owner="SeleniumLibrary" type="TEARDOWN">
<doc>Closes the current browser.</doc>
<status status="PASS" start="2024-01-29T10:41:22.882076" elapsed="2.083310"/>
</kw>
<status status="FAIL" start="2024-01-29T10:41:17.230881" elapsed="7.736564">Element with locator 'id=ratapong' not found.</status>
</test>
<status status="FAIL" start="2024-01-29T10:41:17.148191" elapsed="7.825176"/>
</suite>
<status status="FAIL" start="2024-01-29T10:41:17.136231" elapsed="7.840126"/>
</suite>
<statistics>
<total>
<stat pass="0" fail="1" skip="0">All Tests</stat>
</total>
<tag>
</tag>
<suite>
<stat pass="0" fail="1" skip="0" id="s1" name="Quiz 65022746 01">Quiz 65022746 01</stat>
<stat pass="0" fail="1" skip="0" id="s1-s1" name="Test">Quiz 65022746 01.Test</stat>
</suite>
</statistics>
<errors>
</errors>
</robot>
